Using pre-set license
Built from '2022.3/staging' branch; Version is '2022.3.23f1 (dbb3f7c5b5c6) revision 14398455'; Using compiler version '192829333'; Build Type 'Release'
OS: 'Windows 11  (10.0.22631) 64bit Core' Language: 'es' Physical Memory: 15628 MB
BatchMode: 1, IsHumanControllingUs: 0, StartBugReporterOnCrash: 0, Is64bit: 1, IsPro: 1

COMMAND LINE ARGUMENTS:
C:\Program Files\Unity\Hub\Editor\2022.3.23f1\Editor\Unity.exe
-adb2
-batchMode
-noUpm
-name
AssetImportWorker2
-projectPath
C:/Users/Ximena/OneDrive - alumnos.ucn.cl/Documentos/GitHub/Taller3_PPA/Taller3-Pokedex
-logFile
Logs/AssetImportWorker2.log
-srvPort
35131
Successfully changed project path to: C:/Users/Ximena/OneDrive - alumnos.ucn.cl/Documentos/GitHub/Taller3_PPA/Taller3-Pokedex
C:/Users/Ximena/OneDrive - alumnos.ucn.cl/Documentos/GitHub/Taller3_PPA/Taller3-Pokedex
[UnityMemory] Configuration Parameters - Can be set up in boot.config
    "memorysetup-bucket-allocator-granularity=16"
    "memorysetup-bucket-allocator-bucket-count=8"
    "memorysetup-bucket-allocator-block-size=33554432"
    "memorysetup-bucket-allocator-block-count=8"
    "memorysetup-main-allocator-block-size=16777216"
    "memorysetup-thread-allocator-block-size=16777216"
    "memorysetup-gfx-main-allocator-block-size=16777216"
    "memorysetup-gfx-thread-allocator-block-size=16777216"
    "memorysetup-cache-allocator-block-size=4194304"
    "memorysetup-typetree-allocator-block-size=2097152"
    "memorysetup-profiler-bucket-allocator-granularity=16"
    "memorysetup-profiler-bucket-allocator-bucket-count=8"
    "memorysetup-profiler-bucket-allocator-block-size=33554432"
    "memorysetup-profiler-bucket-allocator-block-count=8"
    "memorysetup-profiler-allocator-block-size=16777216"
    "memorysetup-profiler-editor-allocator-block-size=1048576"
    "memorysetup-temp-allocator-size-main=16777216"
    "memorysetup-job-temp-allocator-block-size=2097152"
    "memorysetup-job-temp-allocator-block-size-background=1048576"
    "memorysetup-job-temp-allocator-reduction-small-platforms=262144"
    "memorysetup-allocator-temp-initial-block-size-main=262144"
    "memorysetup-allocator-temp-initial-block-size-worker=262144"
    "memorysetup-temp-allocator-size-background-worker=32768"
    "memorysetup-temp-allocator-size-job-worker=262144"
    "memorysetup-temp-allocator-size-preload-manager=33554432"
    "memorysetup-temp-allocator-size-nav-mesh-worker=65536"
    "memorysetup-temp-allocator-size-audio-worker=65536"
    "memorysetup-temp-allocator-size-cloud-worker=32768"
    "memorysetup-temp-allocator-size-gi-baking-worker=262144"
    "memorysetup-temp-allocator-size-gfx=262144"
Player connection [23704] Host "[IP] 192.168.56.1 [Port] 0 [Flags] 2 [Guid] 830895818 [EditorId] 830895818 [Version] 1048832 [Id] WindowsEditor(7,XimeXim) [Debug] 1 [PackageName] WindowsEditor [ProjectName] Editor" joined multi-casting on [225.0.0.222:54997]...

Player connection [23704] Host "[IP] 192.168.56.1 [Port] 0 [Flags] 2 [Guid] 830895818 [EditorId] 830895818 [Version] 1048832 [Id] WindowsEditor(7,XimeXim) [Debug] 1 [PackageName] WindowsEditor [ProjectName] Editor" joined alternative multi-casting on [225.0.0.222:34997]...

[Physics::Module] Initialized MultithreadedJobDispatcher with 15 workers.
Refreshing native plugins compatible for Editor in 1733.66 ms, found 6 plugins.
Preloading 2 native plugins for Editor in 6.59 ms.
Initialize engine version: 2022.3.23f1 (dbb3f7c5b5c6)
[Subsystems] Discovering subsystems at path C:/Program Files/Unity/Hub/Editor/2022.3.23f1/Editor/Data/Resources/UnitySubsystems
[Subsystems] Discovering subsystems at path C:/Users/Ximena/OneDrive - alumnos.ucn.cl/Documentos/GitHub/Taller3_PPA/Taller3-Pokedex/Assets
GfxDevice: creating device client; threaded=0; jobified=0
Direct3D:
    Version:  Direct3D 11.0 [level 11.1]
    Renderer: NVIDIA GeForce RTX 3050 Laptop GPU (ID=0x25a2)
    Vendor:   NVIDIA
    VRAM:     3977 MB
    Driver:   31.0.15.4609
Initialize mono
Mono path[0] = 'C:/Program Files/Unity/Hub/Editor/2022.3.23f1/Editor/Data/Managed'
Mono path[1] = 'C:/Program Files/Unity/Hub/Editor/2022.3.23f1/Editor/Data/MonoBleedingEdge/lib/mono/unityjit-win32'
Mono config path = 'C:/Program Files/Unity/Hub/Editor/2022.3.23f1/Editor/Data/MonoBleedingEdge/etc'
Using monoOptions --debugger-agent=transport=dt_socket,embedding=1,server=y,suspend=n,address=127.0.0.1:56368
Begin MonoManager ReloadAssembly
Registering precompiled unity dll's ...
Register platform support module: C:/Program Files/Unity/Hub/Editor/2022.3.23f1/Editor/Data/PlaybackEngines/AndroidPlayer/UnityEditor.Android.Extensions.dll
Register platform support module: C:/Program Files/Unity/Hub/Editor/2022.3.23f1/Editor/Data/PlaybackEngines/iOSSupport/UnityEditor.iOS.Extensions.dll
Register platform support module: C:/Program Files/Unity/Hub/Editor/2022.3.23f1/Editor/Data/PlaybackEngines/WindowsStandaloneSupport/UnityEditor.WindowsStandalone.Extensions.dll
Registered in 0.061401 seconds.
- Loaded All Assemblies, in  4.755 seconds
Native extension for WindowsStandalone target not found
[usbmuxd] Start listen thread
[usbmuxd] Listen thread started
Native extension for iOS target not found
Native extension for Android target not found
Android Extension - Scanning For ADB Devices 547 ms
Mono: successfully reloaded assembly
- Finished resetting the current domain, in  1.361 seconds
Domain Reload Profiling: 6115ms
	BeginReloadAssembly (3946ms)
		ExecutionOrderSort (0ms)
		DisableScriptedObjects (0ms)
		BackupInstance (0ms)
		ReleaseScriptingObjects (0ms)
		CreateAndSetChildDomain (1ms)
	RebuildCommonClasses (55ms)
	RebuildNativeTypeToScriptingClass (20ms)
	initialDomainReloadingComplete (150ms)
	LoadAllAssembliesAndSetupDomain (582ms)
		LoadAssemblies (3940ms)
		RebuildTransferFunctionScriptingTraits (0ms)
		AnalyzeDomain (578ms)
			TypeCache.Refresh (576ms)
				TypeCache.ScanAssembly (258ms)
			ScanForSourceGeneratedMonoScriptInfo (1ms)
			ResolveRequiredComponents (1ms)
	FinalizeReload (1362ms)
		ReleaseScriptCaches (0ms)
		RebuildScriptCaches (0ms)
		SetupLoadedEditorAssemblies (1253ms)
			LogAssemblyErrors (0ms)
			InitializePlatformSupportModulesInManaged (904ms)
			SetLoadedEditorAssemblies (5ms)
			RefreshPlugins (0ms)
			BeforeProcessingInitializeOnLoad (3ms)
			ProcessInitializeOnLoadAttributes (249ms)
			ProcessInitializeOnLoadMethodAttributes (91ms)
			AfterProcessingInitializeOnLoad (0ms)
			EditorAssembliesLoaded (0ms)
		ExecutionOrderSort2 (0ms)
		AwakeInstancesAfterBackupRestoration (0ms)
========================================================================
Worker process is ready to serve import requests
Begin MonoManager ReloadAssembly
- Loaded All Assemblies, in  5.672 seconds
Refreshing native plugins compatible for Editor in 19.30 ms, found 6 plugins.
Native extension for WindowsStandalone target not found
Native extension for iOS target not found
Native extension for Android target not found
Package Manager log level set to [2]
[Package Manager] Server::EnsureServerProcessIsRunning -- launch failed, reason: Unity was launched with the -noUpm command-line argument
[Package Manager] UpmClient::Send -- Unable to send message (not connected to UPM process).
[Package Manager] Cannot connect to Unity Package Manager local server
Mono: successfully reloaded assembly
- Finished resetting the current domain, in  1.486 seconds
Domain Reload Profiling: 7149ms
	BeginReloadAssembly (259ms)
		ExecutionOrderSort (0ms)
		DisableScriptedObjects (11ms)
		BackupInstance (0ms)
		ReleaseScriptingObjects (0ms)
		CreateAndSetChildDomain (33ms)
	RebuildCommonClasses (66ms)
	RebuildNativeTypeToScriptingClass (20ms)
	initialDomainReloadingComplete (79ms)
	LoadAllAssembliesAndSetupDomain (5238ms)
		LoadAssemblies (4061ms)
		RebuildTransferFunctionScriptingTraits (0ms)
		AnalyzeDomain (1332ms)
			TypeCache.Refresh (1271ms)
				TypeCache.ScanAssembly (1178ms)
			ScanForSourceGeneratedMonoScriptInfo (38ms)
			ResolveRequiredComponents (21ms)
	FinalizeReload (1487ms)
		ReleaseScriptCaches (0ms)
		RebuildScriptCaches (0ms)
		SetupLoadedEditorAssemblies (1155ms)
			LogAssemblyErrors (0ms)
			InitializePlatformSupportModulesInManaged (64ms)
			SetLoadedEditorAssemblies (7ms)
			RefreshPlugins (0ms)
			BeforeProcessingInitializeOnLoad (137ms)
			ProcessInitializeOnLoadAttributes (829ms)
			ProcessInitializeOnLoadMethodAttributes (108ms)
			AfterProcessingInitializeOnLoad (10ms)
			EditorAssembliesLoaded (0ms)
		ExecutionOrderSort2 (0ms)
		AwakeInstancesAfterBackupRestoration (12ms)
Launched and connected shader compiler UnityShaderCompiler.exe after 0.07 seconds
Refreshing native plugins compatible for Editor in 16.55 ms, found 6 plugins.
Preloading 2 native plugins for Editor in 0.15 ms.
Unloading 5072 Unused Serialized files (Serialized files now loaded: 0)
Unloading 92 unused Assets / (0.8 MB). Loaded Objects now: 5827.
Memory consumption went from 209.2 MB to 208.4 MB.
Total: 7.861500 ms (FindLiveObjects: 0.782700 ms CreateObjectMapping: 0.418900 ms MarkObjects: 5.903800 ms  DeleteObjects: 0.753800 ms)

AssetImportParameters requested are different than current active one (requested -> active):
  custom:container-demuxer-ogg: 62fdf1f143b41e24485cea50d1cbac27 -> 
  custom:video-codec-MediaFoundation-h265: 746d11721c4dcdbdad8f713fa42b33f4 -> 
  custom:video-decoder-ogg-theora: a1e56fd34408186e4bbccfd4996cb3dc -> 
  custom:framework-win-MediaFoundation: 216162199b28c13a410421893ffa2e32 -> 
  custom:CustomObjectIndexerAttribute: 72b91833f83ae208fae7752999fa3104 -> 
  custom:container-demuxer-webm: 4f35f7cbe854078d1ac9338744f61a02 -> 
  custom:container-muxer-webm: aa71ff27fc2769a1b78a27578f13a17b -> 
  custom:video-decoder-webm-vp8: 9c59270c3fd7afecdb556c50c9e8de78 -> 
  custom:SearchIndexIgnoredProperties: e643bd26f0fe6173181afceb89e7c659 -> 
  custom:AudioImporter_EditorPlatform: d09bf68614088b80899f8185d706f6e7 -> 
  custom:video-encoder-webm-vp8: eb34c28f22e8b96e1ab97ce403110664 -> 
  custom:audio-decoder-ogg-vorbis: bf7c407c2cedff20999df2af8eb42d56 -> 
  custom:audio-encoder-webm-vorbis: bf7c407c2cedff20999df2af8eb42d56 -> 
========================================================================
Received Import Request.
  Time since last request: 252458.825243 seconds.
  path: Assets/Images/InfoCharizard.prefab
  artifactKey: Guid(c1f9136464f9a15478558278d930082e) Importer(815301076,1909f56bfc062723c751e8b465ee728b)
Start importing Assets/Images/InfoCharizard.prefab using Guid(c1f9136464f9a15478558278d930082e) Importer(815301076,1909f56bfc062723c751e8b465ee728b)  -> (artifact id: '903c8fa334b50439ccfba6c776ae4062') in 0.044642 seconds
Number of updated asset objects reloaded before import = 0
Number of asset objects unloaded after import = 7
========================================================================
Received Import Request.
  Time since last request: 0.000036 seconds.
  path: Assets/Images/InfoSnorlax.prefab
  artifactKey: Guid(f62ce83ecdb5e6747847dd7436dda7ce) Importer(815301076,1909f56bfc062723c751e8b465ee728b)
Start importing Assets/Images/InfoSnorlax.prefab using Guid(f62ce83ecdb5e6747847dd7436dda7ce) Importer(815301076,1909f56bfc062723c751e8b465ee728b)  -> (artifact id: 'b9b31304a2d40d4c1b64fb252e8723bb') in 0.003712 seconds
Number of updated asset objects reloaded before import = 0
Number of asset objects unloaded after import = 7
========================================================================
Received Import Request.
  Time since last request: 130.562400 seconds.
  path: Assets/Scripts/ChangeScene.cs
  artifactKey: Guid(4b7792f1351d3654b9ec3f0e25265c07) Importer(815301076,1909f56bfc062723c751e8b465ee728b)
Start importing Assets/Scripts/ChangeScene.cs using Guid(4b7792f1351d3654b9ec3f0e25265c07) Importer(815301076,1909f56bfc062723c751e8b465ee728b)  -> (artifact id: '2be56adfb33001d39d3648326b3fe800') in 0.000736 seconds
Number of updated asset objects reloaded before import = 0
Number of asset objects unloaded after import = 0
========================================================================
Received Prepare
Begin MonoManager ReloadAssembly
- Loaded All Assemblies, in  1.020 seconds
Refreshing native plugins compatible for Editor in 21.74 ms, found 6 plugins.
Native extension for WindowsStandalone target not found
Native extension for iOS target not found
Native extension for Android target not found
[Package Manager] Server::EnsureServerProcessIsRunning -- launch failed, reason: Unity was launched with the -noUpm command-line argument
[Package Manager] UpmClient::Send -- Unable to send message (not connected to UPM process).
[Package Manager] Cannot connect to Unity Package Manager local server
Mono: successfully reloaded assembly
- Finished resetting the current domain, in  2.249 seconds
Domain Reload Profiling: 3265ms
	BeginReloadAssembly (250ms)
		ExecutionOrderSort (0ms)
		DisableScriptedObjects (6ms)
		BackupInstance (0ms)
		ReleaseScriptingObjects (0ms)
		CreateAndSetChildDomain (55ms)
	RebuildCommonClasses (65ms)
	RebuildNativeTypeToScriptingClass (26ms)
	initialDomainReloadingComplete (58ms)
	LoadAllAssembliesAndSetupDomain (617ms)
		LoadAssemblies (688ms)
		RebuildTransferFunctionScriptingTraits (0ms)
		AnalyzeDomain (74ms)
			TypeCache.Refresh (15ms)
				TypeCache.ScanAssembly (0ms)
			ScanForSourceGeneratedMonoScriptInfo (32ms)
			ResolveRequiredComponents (26ms)
	FinalizeReload (2250ms)
		ReleaseScriptCaches (0ms)
		RebuildScriptCaches (0ms)
		SetupLoadedEditorAssemblies (1032ms)
			LogAssemblyErrors (0ms)
			InitializePlatformSupportModulesInManaged (45ms)
			SetLoadedEditorAssemblies (5ms)
			RefreshPlugins (0ms)
			BeforeProcessingInitializeOnLoad (122ms)
			ProcessInitializeOnLoadAttributes (760ms)
			ProcessInitializeOnLoadMethodAttributes (92ms)
			AfterProcessingInitializeOnLoad (8ms)
			EditorAssembliesLoaded (0ms)
		ExecutionOrderSort2 (0ms)
		AwakeInstancesAfterBackupRestoration (8ms)
Refreshing native plugins compatible for Editor in 17.37 ms, found 6 plugins.
Preloading 2 native plugins for Editor in 0.17 ms.
Unloading 4955 Unused Serialized files (Serialized files now loaded: 0)
Unloading 67 unused Assets / (0.8 MB). Loaded Objects now: 5832.
Memory consumption went from 183.2 MB to 182.4 MB.
Total: 6.524600 ms (FindLiveObjects: 0.586900 ms CreateObjectMapping: 0.569200 ms MarkObjects: 4.774900 ms  DeleteObjects: 0.592000 ms)

Prepare: number of updated asset objects reloaded= 0
AssetImportParameters requested are different than current active one (requested -> active):
  custom:container-demuxer-ogg: 62fdf1f143b41e24485cea50d1cbac27 -> 
  custom:video-codec-MediaFoundation-h265: 746d11721c4dcdbdad8f713fa42b33f4 -> 
  custom:video-decoder-ogg-theora: a1e56fd34408186e4bbccfd4996cb3dc -> 
  custom:framework-win-MediaFoundation: 216162199b28c13a410421893ffa2e32 -> 
  custom:CustomObjectIndexerAttribute: 72b91833f83ae208fae7752999fa3104 -> 
  custom:container-demuxer-webm: 4f35f7cbe854078d1ac9338744f61a02 -> 
  custom:container-muxer-webm: aa71ff27fc2769a1b78a27578f13a17b -> 
  custom:video-decoder-webm-vp8: 9c59270c3fd7afecdb556c50c9e8de78 -> 
  custom:SearchIndexIgnoredProperties: e643bd26f0fe6173181afceb89e7c659 -> 
  custom:AudioImporter_EditorPlatform: d09bf68614088b80899f8185d706f6e7 -> 
  custom:video-encoder-webm-vp8: eb34c28f22e8b96e1ab97ce403110664 -> 
  custom:audio-decoder-ogg-vorbis: bf7c407c2cedff20999df2af8eb42d56 -> 
  custom:audio-encoder-webm-vorbis: bf7c407c2cedff20999df2af8eb42d56 -> 
========================================================================
Received Import Request.
  Time since last request: 26.963897 seconds.
  path: Assets/Scripts/ChangeScene.cs
  artifactKey: Guid(4b7792f1351d3654b9ec3f0e25265c07) Importer(815301076,1909f56bfc062723c751e8b465ee728b)
Start importing Assets/Scripts/ChangeScene.cs using Guid(4b7792f1351d3654b9ec3f0e25265c07) Importer(815301076,1909f56bfc062723c751e8b465ee728b)  -> (artifact id: '46aa18bbe87db1efe3051432626e5c03') in 0.002194 seconds
Number of updated asset objects reloaded before import = 0
Number of asset objects unloaded after import = 0
========================================================================
Received Import Request.
  Time since last request: 53.136678 seconds.
  path: Assets/Scenes/SampleScene.unity
  artifactKey: Guid(9fc0d4010bbf28b4594072e72b8655ab) Importer(815301076,1909f56bfc062723c751e8b465ee728b)
Start importing Assets/Scenes/SampleScene.unity using Guid(9fc0d4010bbf28b4594072e72b8655ab) Importer(815301076,1909f56bfc062723c751e8b465ee728b)  -> (artifact id: 'd792c72bfe8f79d5946783d858dd46e0') in 0.000960 seconds
Number of updated asset objects reloaded before import = 0
Number of asset objects unloaded after import = 0
========================================================================
Received Import Request.
  Time since last request: 747.995004 seconds.
  path: Assets/Scripts/PokemonData.cs
  artifactKey: Guid(ccd22bb359a7e9741b773594c16b9955) Importer(815301076,1909f56bfc062723c751e8b465ee728b)
Start importing Assets/Scripts/PokemonData.cs using Guid(ccd22bb359a7e9741b773594c16b9955) Importer(815301076,1909f56bfc062723c751e8b465ee728b)  -> (artifact id: '31dc724025b7dc456712b992ab36e565') in 0.001070 seconds
Number of updated asset objects reloaded before import = 0
Number of asset objects unloaded after import = 0
========================================================================
Received Import Request.
  Time since last request: 4416.359701 seconds.
  path: Assets/Scripts/PokemonData.cs
  artifactKey: Guid(ccd22bb359a7e9741b773594c16b9955) Importer(815301076,1909f56bfc062723c751e8b465ee728b)
Start importing Assets/Scripts/PokemonData.cs using Guid(ccd22bb359a7e9741b773594c16b9955) Importer(815301076,1909f56bfc062723c751e8b465ee728b)  -> (artifact id: '71faeef46332f6a901a176d59c409480') in 0.001571 seconds
Number of updated asset objects reloaded before import = 0
Number of asset objects unloaded after import = 0
========================================================================
Received Import Request.
  Time since last request: 6.567701 seconds.
  path: Assets/Scenes/iinfoPokedex.unity
  artifactKey: Guid(c58cff3063ff18243b9197afebfe48a1) Importer(815301076,1909f56bfc062723c751e8b465ee728b)
Start importing Assets/Scenes/iinfoPokedex.unity using Guid(c58cff3063ff18243b9197afebfe48a1) Importer(815301076,1909f56bfc062723c751e8b465ee728b)  -> (artifact id: 'a1ba2bb174eb2e162bc98821bed5b2b8') in 0.000720 seconds
Number of updated asset objects reloaded before import = 0
Number of asset objects unloaded after import = 0
========================================================================
Received Import Request.
  Time since last request: 1410.330058 seconds.
  path: Assets/Scenes/SampleScene.unity
  artifactKey: Guid(9fc0d4010bbf28b4594072e72b8655ab) Importer(815301076,1909f56bfc062723c751e8b465ee728b)
Start importing Assets/Scenes/SampleScene.unity using Guid(9fc0d4010bbf28b4594072e72b8655ab) Importer(815301076,1909f56bfc062723c751e8b465ee728b)  -> (artifact id: '66f58a17a2676a445241480e7b60755a') in 0.001948 seconds
Number of updated asset objects reloaded before import = 0
Number of asset objects unloaded after import = 0
========================================================================
Received Import Request.
  Time since last request: 11.814955 seconds.
  path: Assets/Scenes/iinfoPokedex.unity
  artifactKey: Guid(c58cff3063ff18243b9197afebfe48a1) Importer(815301076,1909f56bfc062723c751e8b465ee728b)
Start importing Assets/Scenes/iinfoPokedex.unity using Guid(c58cff3063ff18243b9197afebfe48a1) Importer(815301076,1909f56bfc062723c751e8b465ee728b)  -> (artifact id: 'efc2e212f0d738bb2f8de9ace6fefce7') in 0.001082 seconds
Number of updated asset objects reloaded before import = 0
Number of asset objects unloaded after import = 0
========================================================================
Received Import Request.
  Time since last request: 146.506794 seconds.
  path: Assets/Scenes/iinfoPokedex.unity
  artifactKey: Guid(c58cff3063ff18243b9197afebfe48a1) Importer(815301076,1909f56bfc062723c751e8b465ee728b)
Start importing Assets/Scenes/iinfoPokedex.unity using Guid(c58cff3063ff18243b9197afebfe48a1) Importer(815301076,1909f56bfc062723c751e8b465ee728b)  -> (artifact id: '2d11604de35f70c03c989204eca94f88') in 0.001218 seconds
Number of updated asset objects reloaded before import = 0
Number of asset objects unloaded after import = 0
========================================================================
Received Import Request.
  Time since last request: 10.718155 seconds.
  path: Assets/Scenes/infoPokedex.unity
  artifactKey: Guid(c58cff3063ff18243b9197afebfe48a1) Importer(815301076,1909f56bfc062723c751e8b465ee728b)
Start importing Assets/Scenes/infoPokedex.unity using Guid(c58cff3063ff18243b9197afebfe48a1) Importer(815301076,1909f56bfc062723c751e8b465ee728b)  -> (artifact id: '4aa0b547018a303b60af49608c46217e') in 0.001070 seconds
Number of updated asset objects reloaded before import = 0
Number of asset objects unloaded after import = 0
========================================================================
Received Import Request.
  Time since last request: 599.805849 seconds.
  path: Assets/Pokemones/Dragonite.SMD
  artifactKey: Guid(b7ddce31db0a7aa40abc5cc287f50966) Importer(815301076,1909f56bfc062723c751e8b465ee728b)
Start importing Assets/Pokemones/Dragonite.SMD using Guid(b7ddce31db0a7aa40abc5cc287f50966) Importer(815301076,1909f56bfc062723c751e8b465ee728b)  -> (artifact id: '520a82c514e3561ab294a4e55b04ea4f') in 0.091692 seconds
Number of updated asset objects reloaded before import = 0
Number of asset objects unloaded after import = 1
========================================================================
Received Import Request.
  Time since last request: 28.177845 seconds.
  path: Assets/Pokemones/Dragonite_OpenCollada.DAE
  artifactKey: Guid(13edc8f26a83a3349b2e6dfc1d069c80) Importer(815301076,1909f56bfc062723c751e8b465ee728b)
Start importing Assets/Pokemones/Dragonite_OpenCollada.DAE using Guid(13edc8f26a83a3349b2e6dfc1d069c80) Importer(815301076,1909f56bfc062723c751e8b465ee728b)  -> (artifact id: '63f20e3eef788138b76f8c9750fbe675') in 0.307693 seconds
Number of updated asset objects reloaded before import = 0
Number of asset objects unloaded after import = 184
========================================================================
Received Import Request.
  Time since last request: 214.345177 seconds.
  path: Assets/Resources/VuforiaConfiguration.asset
  artifactKey: Guid(96088d0a116a1064baa31c2e95cada88) Importer(2089858483,0ecaa5967403d082aa24f35e1b516d23)
Start importing Assets/Resources/VuforiaConfiguration.asset using Guid(96088d0a116a1064baa31c2e95cada88) Importer(2089858483,0ecaa5967403d082aa24f35e1b516d23)  -> (artifact id: 'a99146157e3ef2e1edf6592f67fdbc19') in 0.737459 seconds
Number of updated asset objects reloaded before import = 0
Number of asset objects unloaded after import = 434
========================================================================
Received Import Request.
  Time since last request: 0.000025 seconds.
  path: Assets/Images/InfoUmbreon.png
  artifactKey: Guid(cfa8e0c97f4c65047a1dd5867be535f9) Importer(2089858483,0ecaa5967403d082aa24f35e1b516d23)
Start importing Assets/Images/InfoUmbreon.png using Guid(cfa8e0c97f4c65047a1dd5867be535f9) Importer(2089858483,0ecaa5967403d082aa24f35e1b516d23)  -> (artifact id: 'bb78462da7a444c67f24f33c70a67d8b') in 0.120672 seconds
Number of updated asset objects reloaded before import = 0
Number of asset objects unloaded after import = 3
========================================================================
Received Import Request.
  Time since last request: 0.000035 seconds.
  path: Assets/Images/InfoUmbreon.prefab
  artifactKey: Guid(6dd1cb8eb0dc2ec469af90aeef76b2bd) Importer(2089858483,0ecaa5967403d082aa24f35e1b516d23)
Start importing Assets/Images/InfoUmbreon.prefab using Guid(6dd1cb8eb0dc2ec469af90aeef76b2bd) Importer(2089858483,0ecaa5967403d082aa24f35e1b516d23)  -> (artifact id: 'b653b292151e8bb74190c53d2f0e0237') in 0.043502 seconds
Number of updated asset objects reloaded before import = 0
Number of asset objects unloaded after import = 7
========================================================================
Received Import Request.
  Time since last request: 0.000031 seconds.
  path: Assets/Pokemones/Arcanine.FBX
  artifactKey: Guid(9019c1f5f1475a645883932fd655923e) Importer(2089858483,0ecaa5967403d082aa24f35e1b516d23)
Start importing Assets/Pokemones/Arcanine.FBX using Guid(9019c1f5f1475a645883932fd655923e) Importer(2089858483,0ecaa5967403d082aa24f35e1b516d23)  -> (artifact id: '2447845b88672638f9a19ecb853ed157') in 0.073314 seconds
Number of updated asset objects reloaded before import = 0
Number of asset objects unloaded after import = 180
========================================================================
Received Import Request.
  Time since last request: 0.000044 seconds.
  path: Assets/Editor/Vuforia
  artifactKey: Guid(ed08cb377058bc44fbdc7698914faf80) Importer(2089858483,0ecaa5967403d082aa24f35e1b516d23)
Start importing Assets/Editor/Vuforia using Guid(ed08cb377058bc44fbdc7698914faf80) Importer(2089858483,0ecaa5967403d082aa24f35e1b516d23)  -> (artifact id: '47c7b3df89650d4b16aeb864294f1e33') in 0.013935 seconds
Number of updated asset objects reloaded before import = 0
Number of asset objects unloaded after import = 1
========================================================================
Received Import Request.
  Time since last request: 0.000022 seconds.
  path: Assets/Images/InfoArcanine.prefab
  artifactKey: Guid(aba657dabff31fb439f9bca4843c5295) Importer(2089858483,0ecaa5967403d082aa24f35e1b516d23)
Start importing Assets/Images/InfoArcanine.prefab using Guid(aba657dabff31fb439f9bca4843c5295) Importer(2089858483,0ecaa5967403d082aa24f35e1b516d23)  -> (artifact id: '27a64c1b1be363271dee81879587cb09') in 0.038898 seconds
Number of updated asset objects reloaded before import = 0
Number of asset objects unloaded after import = 7
========================================================================
Received Import Request.
  Time since last request: 0.000021 seconds.
  path: Assets/Pokemones/Umbreon.FBX
  artifactKey: Guid(2ede4eeed89a7b34e8f348518453be7e) Importer(2089858483,0ecaa5967403d082aa24f35e1b516d23)
Start importing Assets/Pokemones/Umbreon.FBX using Guid(2ede4eeed89a7b34e8f348518453be7e) Importer(2089858483,0ecaa5967403d082aa24f35e1b516d23)  -> (artifact id: '859abf88f4c3b5ed302b31991fdbf5d7') in 0.036911 seconds
Number of updated asset objects reloaded before import = 0
Number of asset objects unloaded after import = 99
========================================================================
Received Import Request.
  Time since last request: 0.000027 seconds.
  path: Assets/Scenes/SampleScene.unity
  artifactKey: Guid(9fc0d4010bbf28b4594072e72b8655ab) Importer(2089858483,0ecaa5967403d082aa24f35e1b516d23)
Start importing Assets/Scenes/SampleScene.unity using Guid(9fc0d4010bbf28b4594072e72b8655ab) Importer(2089858483,0ecaa5967403d082aa24f35e1b516d23)  -> (artifact id: 'cdfc499a2e46c633fb70a767e91c07d2') in 0.012451 seconds
Number of updated asset objects reloaded before import = 0
Number of asset objects unloaded after import = 1
========================================================================
Received Import Request.
  Time since last request: 0.000031 seconds.
  path: Assets/Scripts/PanelManager.cs
  artifactKey: Guid(444f2c7011cbfa24e961bd2ac27499d8) Importer(2089858483,0ecaa5967403d082aa24f35e1b516d23)
Start importing Assets/Scripts/PanelManager.cs using Guid(444f2c7011cbfa24e961bd2ac27499d8) Importer(2089858483,0ecaa5967403d082aa24f35e1b516d23)  -> (artifact id: 'b460128d9ba80e9c5977f097e174b422') in 0.020465 seconds
Number of updated asset objects reloaded before import = 0
Number of asset objects unloaded after import = 1
========================================================================
Received Import Request.
  Time since last request: 0.000023 seconds.
  path: Assets/Scripts/ChangeScene.cs
  artifactKey: Guid(4b7792f1351d3654b9ec3f0e25265c07) Importer(2089858483,0ecaa5967403d082aa24f35e1b516d23)
Start importing Assets/Scripts/ChangeScene.cs using Guid(4b7792f1351d3654b9ec3f0e25265c07) Importer(2089858483,0ecaa5967403d082aa24f35e1b516d23)  -> (artifact id: '1c6877eeed13995db0ad062577cfd251') in 0.021187 seconds
Number of updated asset objects reloaded before import = 0
Number of asset objects unloaded after import = 1
========================================================================
Received Import Request.
  Time since last request: 0.000022 seconds.
  path: Assets/StreamingAssets/Vuforia/Pokedex.dat
  artifactKey: Guid(276b0dc3bdb1456a8384c22cced2de77) Importer(2089858483,0ecaa5967403d082aa24f35e1b516d23)
Start importing Assets/StreamingAssets/Vuforia/Pokedex.dat using Guid(276b0dc3bdb1456a8384c22cced2de77) Importer(2089858483,0ecaa5967403d082aa24f35e1b516d23)  -> (artifact id: '110595f299a0c9f9e7c3fd5178e105f3') in 0.013354 seconds
Number of updated asset objects reloaded before import = 0
Number of asset objects unloaded after import = 1
========================================================================
Received Import Request.
  Time since last request: 0.000026 seconds.
  path: Assets/Editor/Vuforia/ImageTargetTextures/Pokedex/garchomp_scaled.jpg
  artifactKey: Guid(00c713c28b1d427a9c19e6a79c0f99ff) Importer(2089858483,0ecaa5967403d082aa24f35e1b516d23)
Start importing Assets/Editor/Vuforia/ImageTargetTextures/Pokedex/garchomp_scaled.jpg using Guid(00c713c28b1d427a9c19e6a79c0f99ff) Importer(2089858483,0ecaa5967403d082aa24f35e1b516d23)  -> (artifact id: '31e9e103e14bed07ee1f6b0321a3197f') in 0.028558 seconds
Number of updated asset objects reloaded before import = 0
Number of asset objects unloaded after import = 1
========================================================================
Received Import Request.
  Time since last request: 0.000023 seconds.
  path: Assets/Scenes/infoPokedex.unity
  artifactKey: Guid(c58cff3063ff18243b9197afebfe48a1) Importer(2089858483,0ecaa5967403d082aa24f35e1b516d23)
Start importing Assets/Scenes/infoPokedex.unity using Guid(c58cff3063ff18243b9197afebfe48a1) Importer(2089858483,0ecaa5967403d082aa24f35e1b516d23)  -> (artifact id: '7100a7c68f761d75c84e4bdcd68859d5') in 0.020566 seconds
Number of updated asset objects reloaded before import = 0
Number of asset objects unloaded after import = 1
========================================================================
Received Import Request.
  Time since last request: 0.000026 seconds.
  path: Assets/Images/InfoSnorlax.prefab
  artifactKey: Guid(f62ce83ecdb5e6747847dd7436dda7ce) Importer(2089858483,0ecaa5967403d082aa24f35e1b516d23)
Start importing Assets/Images/InfoSnorlax.prefab using Guid(f62ce83ecdb5e6747847dd7436dda7ce) Importer(2089858483,0ecaa5967403d082aa24f35e1b516d23)  -> (artifact id: 'f08b590010b222c4984e1953f190ed07') in 0.037751 seconds
Number of updated asset objects reloaded before import = 0
Number of asset objects unloaded after import = 7
========================================================================
Received Import Request.
  Time since last request: 0.000025 seconds.
  path: Assets/Editor/Vuforia/ImageTargetTextures/Pokedex/charizard_scaled.jpg
  artifactKey: Guid(ea1e259c18834ab980f6720e6c1abae4) Importer(2089858483,0ecaa5967403d082aa24f35e1b516d23)
Start importing Assets/Editor/Vuforia/ImageTargetTextures/Pokedex/charizard_scaled.jpg using Guid(ea1e259c18834ab980f6720e6c1abae4) Importer(2089858483,0ecaa5967403d082aa24f35e1b516d23)  -> (artifact id: 'fed810f1ca154e92c4cef6927da6a52c') in 0.030639 seconds
Number of updated asset objects reloaded before import = 0
Number of asset objects unloaded after import = 1
========================================================================
Received Import Request.
  Time since last request: 0.000033 seconds.
  path: Assets/Images/InfoDragonite.prefab
  artifactKey: Guid(ecc042c0213ede645b6a3fa4b51332a0) Importer(2089858483,0ecaa5967403d082aa24f35e1b516d23)
Start importing Assets/Images/InfoDragonite.prefab using Guid(ecc042c0213ede645b6a3fa4b51332a0) Importer(2089858483,0ecaa5967403d082aa24f35e1b516d23)  -> (artifact id: 'cd2ba208e5479e4485f1fa81b12e0671') in 0.029058 seconds
Number of updated asset objects reloaded before import = 0
Number of asset objects unloaded after import = 7
========================================================================
Received Import Request.
  Time since last request: 0.000039 seconds.
  path: Assets/Scripts/PokemonData.cs
  artifactKey: Guid(ccd22bb359a7e9741b773594c16b9955) Importer(2089858483,0ecaa5967403d082aa24f35e1b516d23)
Start importing Assets/Scripts/PokemonData.cs using Guid(ccd22bb359a7e9741b773594c16b9955) Importer(2089858483,0ecaa5967403d082aa24f35e1b516d23)  -> (artifact id: '5068160a75c581f91b979a37e900ad2b') in 0.021944 seconds
Number of updated asset objects reloaded before import = 0
Number of asset objects unloaded after import = 1
========================================================================
Received Import Request.
  Time since last request: 0.000028 seconds.
  path: Assets/Editor/Vuforia/ImageTargetTextures
  artifactKey: Guid(baf59b2bba949674780973e0dc8c4533) Importer(2089858483,0ecaa5967403d082aa24f35e1b516d23)
Start importing Assets/Editor/Vuforia/ImageTargetTextures using Guid(baf59b2bba949674780973e0dc8c4533) Importer(2089858483,0ecaa5967403d082aa24f35e1b516d23)  -> (artifact id: '7c755526bc05d68dfdf63a861c8265ce') in 0.015996 seconds
Number of updated asset objects reloaded before import = 0
Number of asset objects unloaded after import = 1
========================================================================
Received Import Request.
  Time since last request: 0.000023 seconds.
  path: Assets/Images
  artifactKey: Guid(3ef8de4fabc938c459583018225bbe41) Importer(2089858483,0ecaa5967403d082aa24f35e1b516d23)
Start importing Assets/Images using Guid(3ef8de4fabc938c459583018225bbe41) Importer(2089858483,0ecaa5967403d082aa24f35e1b516d23)  -> (artifact id: '88ac7c8ca3ae51072082103786703ee5') in 0.014112 seconds
Number of updated asset objects reloaded before import = 0
Number of asset objects unloaded after import = 1
========================================================================
Received Import Request.
  Time since last request: 0.000109 seconds.
  path: Assets/Scripts
  artifactKey: Guid(cb544d0aed0f0024d96b3bcbcacefd78) Importer(2089858483,0ecaa5967403d082aa24f35e1b516d23)
Start importing Assets/Scripts using Guid(cb544d0aed0f0024d96b3bcbcacefd78) Importer(2089858483,0ecaa5967403d082aa24f35e1b516d23)  -> (artifact id: '4b2a7f0aea2bd04f070a73e32e96af2b') in 0.013242 seconds
Number of updated asset objects reloaded before import = 0
Number of asset objects unloaded after import = 1
========================================================================
Received Import Request.
  Time since last request: 0.000021 seconds.
  path: Assets/Editor/Vuforia/ImageTargetTextures/Pokedex
  artifactKey: Guid(e1efedce2626bcb4380c80c0d64a33b4) Importer(2089858483,0ecaa5967403d082aa24f35e1b516d23)
Start importing Assets/Editor/Vuforia/ImageTargetTextures/Pokedex using Guid(e1efedce2626bcb4380c80c0d64a33b4) Importer(2089858483,0ecaa5967403d082aa24f35e1b516d23)  -> (artifact id: '7a4e24e44f1bd3e108a1b1ed6d21dd52') in 0.036219 seconds
Number of updated asset objects reloaded before import = 0
Number of asset objects unloaded after import = 1
Editor requested this worker to shutdown with reason: Scaling down because of idle timeout
TcpMessagingSession - receive error: operation aborted. errorcode: 995, details: La operación de E/S se anuló por una salida de subproceso o por una solicitud de aplicación.
AssetImportWorker is now disconnected from the server
Process exiting
Exiting without the bug reporter. Application will terminate with return code 0